INFO [05-31|18:54:49] Maximum peer count                       ETH=25 LES=0 total=25
INFO [05-31|18:54:49] Starting peer-to-peer node               instance=Geth/v1.8.10-stable-eae63c51/linux-amd64/go1.10
INFO [05-31|18:54:49] Allocated cache and file handles         database=/home/taggenblu/test-eth/peer2DataDir/geth/chaindata cache=768 handles=512
INFO [05-31|18:54:49] Initialised chain configuration          config="{ChainID: 1994 Homestead: 0 DAO: <nil> DAOSupport: false EIP150: <nil> EIP155: 0 EIP158: 0 Byzantium: 0 Constantinople: <nil> Engine: unknown}"
INFO [05-31|18:54:49] Disk storage enabled for ethash caches   dir=/home/taggenblu/test-eth/peer2DataDir/geth/ethash count=3
INFO [05-31|18:54:49] Disk storage enabled for ethash DAGs     dir=/home/taggenblu/.ethash                           count=2
INFO [05-31|18:54:49] Initialising Ethereum protocol           versions="[63 62]" network=1114
INFO [05-31|18:54:49] Loaded most recent local header          number=0 hash=5fbec0…82e86f td=10
INFO [05-31|18:54:49] Loaded most recent local full block      number=0 hash=5fbec0…82e86f td=10
INFO [05-31|18:54:49] Loaded most recent local fast block      number=0 hash=5fbec0…82e86f td=10
INFO [05-31|18:54:49] Regenerated local transaction journal    transactions=0 accounts=0
INFO [05-31|18:54:49] Starting P2P networking 
INFO [05-31|18:54:49] Mapped network port                      proto=udp extport=30304 intport=30304 interface=NAT-PMP(192.168.1.1)
INFO [05-31|18:54:49] UDP listener up                          self=enode://823f368da6797b1b001bf20139b6e3b3863969406c3d60bf4001f0f3901152aa69d5f136e1b4878ca8cf71bca76b800ea7c85d2d625471f9dfa7527501e586f2@212.103.228.169:30304
INFO [05-31|18:54:49] IPC endpoint opened                      url=/home/taggenblu/test-eth/peer2DataDir/geth.ipc
INFO [05-31|18:54:49] RLPx listener up                         self=enode://823f368da6797b1b001bf20139b6e3b3863969406c3d60bf4001f0f3901152aa69d5f136e1b4878ca8cf71bca76b800ea7c85d2d625471f9dfa7527501e586f2@212.103.228.169:30304
INFO [05-31|18:54:49] Mapped network port                      proto=tcp extport=30304 intport=30304 interface=NAT-PMP(192.168.1.1)
INFO [05-31|18:55:26] Etherbase automatically configured       address=0x172895773b5F6eab688bE39C7ad8B889aB50f571
INFO [05-31|18:55:34] Updated mining threads                   threads=0
INFO [05-31|18:55:34] Transaction pool price threshold updated price=18000000000
INFO [05-31|18:55:34] Starting mining operation 
INFO [05-31|18:55:34] Commit new mining work                   number=1 txs=0 uncles=0 elapsed=528.612µs
INFO [05-31|18:55:38] Successfully sealed new block            number=1 hash=43d18e…777025
INFO [05-31|18:55:38] 🔨 mined potential block                  number=1 hash=43d18e…777025
INFO [05-31|18:55:38] Commit new mining work                   number=2 txs=0 uncles=0 elapsed=198.907µs
INFO [05-31|18:55:40] Successfully sealed new block            number=2 hash=bf7dc0…6125bd
INFO [05-31|18:55:40] 🔨 mined potential block                  number=2 hash=bf7dc0…6125bd
INFO [05-31|18:55:40] Commit new mining work                   number=3 txs=0 uncles=0 elapsed=202.951µs
INFO [05-31|18:55:41] Successfully sealed new block            number=3 hash=c3e702…8e9a76
INFO [05-31|18:55:41] 🔨 mined potential block                  number=3 hash=c3e702…8e9a76
INFO [05-31|18:55:41] Commit new mining work                   number=4 txs=0 uncles=0 elapsed=250.274µs
INFO [05-31|18:55:41] Successfully sealed new block            number=4 hash=a0d9d6…f177e0
INFO [05-31|18:55:41] 🔨 mined potential block                  number=4 hash=a0d9d6…f177e0
INFO [05-31|18:55:41] Commit new mining work                   number=5 txs=0 uncles=0 elapsed=182.818µs
INFO [05-31|18:55:42] Successfully sealed new block            number=5 hash=35f0d7…56452e
INFO [05-31|18:55:42] 🔨 mined potential block                  number=5 hash=35f0d7…56452e
INFO [05-31|18:55:42] Commit new mining work                   number=6 txs=0 uncles=0 elapsed=218.997µs
INFO [05-31|18:55:45] Successfully sealed new block            number=6 hash=5a209e…8f0d73
INFO [05-31|18:55:45] 🔗 block reached canonical chain          number=1 hash=43d18e…777025
INFO [05-31|18:55:45] 🔨 mined potential block                  number=6 hash=5a209e…8f0d73
INFO [05-31|18:55:45] Commit new mining work                   number=7 txs=0 uncles=0 elapsed=203.472µs
INFO [05-31|18:55:48] Successfully sealed new block            number=7 hash=37d2ad…6e974f
INFO [05-31|18:55:48] 🔗 block reached canonical chain          number=2 hash=bf7dc0…6125bd
INFO [05-31|18:55:48] 🔨 mined potential block                  number=7 hash=37d2ad…6e974f
INFO [05-31|18:55:48] Commit new mining work                   number=8 txs=0 uncles=0 elapsed=252.443µs
INFO [05-31|18:55:52] Successfully sealed new block            number=8 hash=ea3053…cb41f3
INFO [05-31|18:55:52] 🔗 block reached canonical chain          number=3 hash=c3e702…8e9a76
INFO [05-31|18:55:52] 🔨 mined potential block                  number=8 hash=ea3053…cb41f3
INFO [05-31|18:55:52] Commit new mining work                   number=9 txs=0 uncles=0 elapsed=232.728µs
INFO [05-31|18:55:54] Successfully sealed new block            number=9 hash=1e50ed…cf3141
INFO [05-31|18:55:54] 🔗 block reached canonical chain          number=4 hash=a0d9d6…f177e0
INFO [05-31|18:55:54] 🔨 mined potential block                  number=9 hash=1e50ed…cf3141
INFO [05-31|18:55:54] Commit new mining work                   number=10 txs=0 uncles=0 elapsed=204.938µs
INFO [05-31|18:55:54] Successfully sealed new block            number=10 hash=abab1a…4a9a18
INFO [05-31|18:55:54] 🔗 block reached canonical chain          number=5  hash=35f0d7…56452e
INFO [05-31|18:55:54] 🔨 mined potential block                  number=10 hash=abab1a…4a9a18
INFO [05-31|18:55:54] Commit new mining work                   number=11 txs=0 uncles=0 elapsed=221.258µs
INFO [05-31|19:00:13] Updated mining threads                   threads=0
INFO [05-31|19:00:13] Transaction pool price threshold updated price=18000000000
INFO [05-31|19:00:13] Starting mining operation 
INFO [05-31|19:00:13] Commit new mining work                   number=11 txs=0 uncles=0 elapsed=338.816µs
INFO [05-31|19:00:13] Successfully sealed new block            number=11 hash=ae230e…e3d96f
INFO [05-31|19:00:13] 🔗 block reached canonical chain          number=6  hash=5a209e…8f0d73
INFO [05-31|19:00:13] 🔨 mined potential block                  number=11 hash=ae230e…e3d96f
INFO [05-31|19:00:13] Commit new mining work                   number=12 txs=0 uncles=0 elapsed=203.448µs
INFO [05-31|19:00:15] Successfully sealed new block            number=12 hash=d21708…376357
INFO [05-31|19:00:15] 🔗 block reached canonical chain          number=7  hash=37d2ad…6e974f
INFO [05-31|19:00:15] 🔨 mined potential block                  number=12 hash=d21708…376357
INFO [05-31|19:00:15] Commit new mining work                   number=13 txs=0 uncles=0 elapsed=222.7µs
INFO [05-31|19:00:15] Successfully sealed new block            number=13 hash=4689c3…9ab9a7
INFO [05-31|19:00:15] 🔗 block reached canonical chain          number=8  hash=ea3053…cb41f3
INFO [05-31|19:00:15] 🔨 mined potential block                  number=13 hash=4689c3…9ab9a7
INFO [05-31|19:00:15] Commit new mining work                   number=14 txs=0 uncles=0 elapsed=205.803µs
INFO [05-31|19:01:17] Updated mining threads                   threads=0
INFO [05-31|19:01:17] Transaction pool price threshold updated price=18000000000
INFO [05-31|19:01:17] Starting mining operation 
INFO [05-31|19:01:17] Commit new mining work                   number=14 txs=0 uncles=0 elapsed=327.867µs
INFO [05-31|19:01:20] Successfully sealed new block            number=14 hash=aef324…510020
INFO [05-31|19:01:20] 🔗 block reached canonical chain          number=9  hash=1e50ed…cf3141
INFO [05-31|19:01:20] 🔨 mined potential block                  number=14 hash=aef324…510020
INFO [05-31|19:01:20] Commit new mining work                   number=15 txs=0 uncles=0 elapsed=210.882µs
INFO [05-31|19:01:21] Successfully sealed new block            number=15 hash=a1c0f8…8bd439
INFO [05-31|19:01:21] 🔗 block reached canonical chain          number=10 hash=abab1a…4a9a18
INFO [05-31|19:01:21] 🔨 mined potential block                  number=15 hash=a1c0f8…8bd439
INFO [05-31|19:01:21] Commit new mining work                   number=16 txs=0 uncles=0 elapsed=215.226µs
INFO [05-31|19:01:21] Successfully sealed new block            number=16 hash=4e89a1…98fa56
INFO [05-31|19:01:21] 🔗 block reached canonical chain          number=11 hash=ae230e…e3d96f
INFO [05-31|19:01:21] 🔨 mined potential block                  number=16 hash=4e89a1…98fa56
INFO [05-31|19:01:21] Commit new mining work                   number=17 txs=0 uncles=0 elapsed=286.226µs
INFO [05-31|19:01:23] Successfully sealed new block            number=17 hash=758e38…faa730
INFO [05-31|19:01:23] 🔗 block reached canonical chain          number=12 hash=d21708…376357
INFO [05-31|19:01:23] 🔨 mined potential block                  number=17 hash=758e38…faa730
INFO [05-31|19:01:23] Commit new mining work                   number=18 txs=0 uncles=0 elapsed=200.926µs
INFO [05-31|19:01:26] Successfully sealed new block            number=18 hash=e253cd…316607
INFO [05-31|19:01:26] 🔗 block reached canonical chain          number=13 hash=4689c3…9ab9a7
INFO [05-31|19:01:26] 🔨 mined potential block                  number=18 hash=e253cd…316607
INFO [05-31|19:01:26] Commit new mining work                   number=19 txs=0 uncles=0 elapsed=201.248µs
INFO [05-31|19:01:27] Successfully sealed new block            number=19 hash=85a45e…adc55f
INFO [05-31|19:01:27] 🔗 block reached canonical chain          number=14 hash=aef324…510020
INFO [05-31|19:01:27] 🔨 mined potential block                  number=19 hash=85a45e…adc55f
INFO [05-31|19:01:27] Commit new mining work                   number=20 txs=0 uncles=0 elapsed=204.778µs
INFO [05-31|19:01:32] Successfully sealed new block            number=20 hash=de87bb…4eaa87
INFO [05-31|19:01:32] 🔗 block reached canonical chain          number=15 hash=a1c0f8…8bd439
INFO [05-31|19:01:32] 🔨 mined potential block                  number=20 hash=de87bb…4eaa87
INFO [05-31|19:01:32] Commit new mining work                   number=21 txs=0 uncles=0 elapsed=240.248µs
INFO [05-31|19:01:32] Successfully sealed new block            number=21 hash=07ea0a…c2bc23
INFO [05-31|19:01:32] 🔗 block reached canonical chain          number=16 hash=4e89a1…98fa56
INFO [05-31|19:01:32] 🔨 mined potential block                  number=21 hash=07ea0a…c2bc23
INFO [05-31|19:01:32] Commit new mining work                   number=22 txs=0 uncles=0 elapsed=187.125µs
INFO [05-31|19:01:32] Successfully sealed new block            number=22 hash=c3c6ed…85b29d
INFO [05-31|19:01:32] 🔗 block reached canonical chain          number=17 hash=758e38…faa730
INFO [05-31|19:01:32] 🔨 mined potential block                  number=22 hash=c3c6ed…85b29d
INFO [05-31|19:01:32] Mining too far in the future             wait=2s
INFO [05-31|19:01:34] Commit new mining work                   number=23 txs=0 uncles=0 elapsed=2.000s
INFO [05-31|19:01:36] Successfully sealed new block            number=23 hash=564632…90094d
INFO [05-31|19:01:36] 🔗 block reached canonical chain          number=18 hash=e253cd…316607
INFO [05-31|19:01:36] 🔨 mined potential block                  number=23 hash=564632…90094d
INFO [05-31|19:01:36] Commit new mining work                   number=24 txs=0 uncles=0 elapsed=258.486µs
INFO [05-31|19:01:39] Successfully sealed new block            number=24 hash=dfb7a0…5c6838
INFO [05-31|19:01:39] 🔗 block reached canonical chain          number=19 hash=85a45e…adc55f
INFO [05-31|19:01:39] 🔨 mined potential block                  number=24 hash=dfb7a0…5c6838
INFO [05-31|19:01:39] Commit new mining work                   number=25 txs=0 uncles=0 elapsed=188.115µs
INFO [05-31|19:01:40] Successfully sealed new block            number=25 hash=7dbb2e…5a24df
INFO [05-31|19:01:40] 🔗 block reached canonical chain          number=20 hash=de87bb…4eaa87
INFO [05-31|19:01:40] 🔨 mined potential block                  number=25 hash=7dbb2e…5a24df
INFO [05-31|19:01:40] Commit new mining work                   number=26 txs=0 uncles=0 elapsed=249.022µs
INFO [05-31|19:01:41] Successfully sealed new block            number=26 hash=bf1eb7…e2b99e
INFO [05-31|19:01:41] 🔗 block reached canonical chain          number=21 hash=07ea0a…c2bc23
INFO [05-31|19:01:41] 🔨 mined potential block                  number=26 hash=bf1eb7…e2b99e
INFO [05-31|19:01:41] Commit new mining work                   number=27 txs=0 uncles=0 elapsed=207.79µs
INFO [05-31|19:01:41] Successfully sealed new block            number=27 hash=6edaef…89af7d
INFO [05-31|19:01:41] 🔗 block reached canonical chain          number=22 hash=c3c6ed…85b29d
INFO [05-31|19:01:41] 🔨 mined potential block                  number=27 hash=6edaef…89af7d
INFO [05-31|19:01:41] Commit new mining work                   number=28 txs=0 uncles=0 elapsed=255.474µs
INFO [05-31|19:01:45] Successfully sealed new block            number=28 hash=89919a…d004cb
INFO [05-31|19:01:45] 🔗 block reached canonical chain          number=23 hash=564632…90094d
INFO [05-31|19:01:45] 🔨 mined potential block                  number=28 hash=89919a…d004cb
INFO [05-31|19:01:45] Commit new mining work                   number=29 txs=0 uncles=0 elapsed=351.525µs
INFO [05-31|19:01:45] Successfully sealed new block            number=29 hash=e1c03f…d0c132
INFO [05-31|19:01:45] 🔗 block reached canonical chain          number=24 hash=dfb7a0…5c6838
INFO [05-31|19:01:45] 🔨 mined potential block                  number=29 hash=e1c03f…d0c132
INFO [05-31|19:01:45] Commit new mining work                   number=30 txs=0 uncles=0 elapsed=190.809µs
INFO [05-31|19:01:47] Successfully sealed new block            number=30 hash=9ccf26…604e1b
INFO [05-31|19:01:47] 🔗 block reached canonical chain          number=25 hash=7dbb2e…5a24df
INFO [05-31|19:01:47] 🔨 mined potential block                  number=30 hash=9ccf26…604e1b
INFO [05-31|19:01:47] Commit new mining work                   number=31 txs=0 uncles=0 elapsed=212.631µs
INFO [05-31|19:01:49] Successfully sealed new block            number=31 hash=b1c49c…1bb22f
INFO [05-31|19:01:49] 🔗 block reached canonical chain          number=26 hash=bf1eb7…e2b99e
INFO [05-31|19:01:49] 🔨 mined potential block                  number=31 hash=b1c49c…1bb22f
INFO [05-31|19:01:49] Commit new mining work                   number=32 txs=0 uncles=0 elapsed=219.726µs
INFO [05-31|19:01:53] Successfully sealed new block            number=32 hash=e4b540…f3e1c3
INFO [05-31|19:01:53] 🔗 block reached canonical chain          number=27 hash=6edaef…89af7d
INFO [05-31|19:01:53] 🔨 mined potential block                  number=32 hash=e4b540…f3e1c3
INFO [05-31|19:01:53] Commit new mining work                   number=33 txs=0 uncles=0 elapsed=200.12µs
INFO [05-31|19:01:55] Successfully sealed new block            number=33 hash=c76e55…bc0136
INFO [05-31|19:01:55] 🔗 block reached canonical chain          number=28 hash=89919a…d004cb
INFO [05-31|19:01:55] 🔨 mined potential block                  number=33 hash=c76e55…bc0136
INFO [05-31|19:01:55] Commit new mining work                   number=34 txs=0 uncles=0 elapsed=344.354µs
INFO [05-31|19:02:01] Successfully sealed new block            number=34 hash=bef2fd…cb1fbe
INFO [05-31|19:02:01] 🔗 block reached canonical chain          number=29 hash=e1c03f…d0c132
INFO [05-31|19:02:01] 🔨 mined potential block                  number=34 hash=bef2fd…cb1fbe
INFO [05-31|19:02:01] Commit new mining work                   number=35 txs=0 uncles=0 elapsed=195.702µs
INFO [05-31|19:02:01] Successfully sealed new block            number=35 hash=66bb30…53b20c
INFO [05-31|19:02:01] 🔗 block reached canonical chain          number=30 hash=9ccf26…604e1b
INFO [05-31|19:02:01] 🔨 mined potential block                  number=35 hash=66bb30…53b20c
INFO [05-31|19:02:01] Commit new mining work                   number=36 txs=0 uncles=0 elapsed=189.574µs
INFO [05-31|19:02:05] Successfully sealed new block            number=36 hash=290491…f297eb
INFO [05-31|19:02:05] 🔗 block reached canonical chain          number=31 hash=b1c49c…1bb22f
INFO [05-31|19:02:05] 🔨 mined potential block                  number=36 hash=290491…f297eb
INFO [05-31|19:02:05] Commit new mining work                   number=37 txs=0 uncles=0 elapsed=207.075µs
INFO [05-31|19:02:07] Successfully sealed new block            number=37 hash=882d75…c2dd63
INFO [05-31|19:02:07] 🔗 block reached canonical chain          number=32 hash=e4b540…f3e1c3
INFO [05-31|19:02:07] 🔨 mined potential block                  number=37 hash=882d75…c2dd63
INFO [05-31|19:02:07] Commit new mining work                   number=38 txs=0 uncles=0 elapsed=249.736µs
INFO [05-31|19:02:08] Successfully sealed new block            number=38 hash=06ea79…ea310b
INFO [05-31|19:02:08] 🔗 block reached canonical chain          number=33 hash=c76e55…bc0136
INFO [05-31|19:02:08] 🔨 mined potential block                  number=38 hash=06ea79…ea310b
INFO [05-31|19:02:08] Commit new mining work                   number=39 txs=0 uncles=0 elapsed=206.076µs
INFO [05-31|19:02:10] Successfully sealed new block            number=39 hash=05319e…ffd2ee
INFO [05-31|19:02:10] 🔗 block reached canonical chain          number=34 hash=bef2fd…cb1fbe
INFO [05-31|19:02:10] 🔨 mined potential block                  number=39 hash=05319e…ffd2ee
INFO [05-31|19:02:10] Commit new mining work                   number=40 txs=0 uncles=0 elapsed=214.816µs
INFO [05-31|19:02:10] Successfully sealed new block            number=40 hash=714f3a…301655
INFO [05-31|19:02:10] 🔗 block reached canonical chain          number=35 hash=66bb30…53b20c
INFO [05-31|19:02:10] 🔨 mined potential block                  number=40 hash=714f3a…301655
INFO [05-31|19:02:10] Commit new mining work                   number=41 txs=0 uncles=0 elapsed=203.695µs
INFO [05-31|19:02:11] Successfully sealed new block            number=41 hash=c05501…acee37
INFO [05-31|19:02:11] 🔗 block reached canonical chain          number=36 hash=290491…f297eb
INFO [05-31|19:02:11] 🔨 mined potential block                  number=41 hash=c05501…acee37
INFO [05-31|19:02:11] Commit new mining work                   number=42 txs=0 uncles=0 elapsed=215.652µs
INFO [05-31|19:02:17] Successfully sealed new block            number=42 hash=920b4a…c8b214
INFO [05-31|19:02:17] 🔗 block reached canonical chain          number=37 hash=882d75…c2dd63
INFO [05-31|19:02:17] 🔨 mined potential block                  number=42 hash=920b4a…c8b214
INFO [05-31|19:02:17] Commit new mining work                   number=43 txs=0 uncles=0 elapsed=260.082µs
INFO [05-31|19:02:18] Successfully sealed new block            number=43 hash=0597de…f59baf
INFO [05-31|19:02:18] 🔗 block reached canonical chain          number=38 hash=06ea79…ea310b
INFO [05-31|19:02:18] 🔨 mined potential block                  number=43 hash=0597de…f59baf
INFO [05-31|19:02:18] Commit new mining work                   number=44 txs=0 uncles=0 elapsed=220.969µs
INFO [05-31|19:02:18] Successfully sealed new block            number=44 hash=c80446…27a71b
INFO [05-31|19:02:18] 🔗 block reached canonical chain          number=39 hash=05319e…ffd2ee
INFO [05-31|19:02:18] 🔨 mined potential block                  number=44 hash=c80446…27a71b
INFO [05-31|19:02:18] Commit new mining work                   number=45 txs=0 uncles=0 elapsed=192.846µs
INFO [05-31|19:02:23] Successfully sealed new block            number=45 hash=ef1904…eca876
INFO [05-31|19:02:23] 🔗 block reached canonical chain          number=40 hash=714f3a…301655
INFO [05-31|19:02:23] 🔨 mined potential block                  number=45 hash=ef1904…eca876
INFO [05-31|19:02:23] Commit new mining work                   number=46 txs=0 uncles=0 elapsed=210.663µs
INFO [05-31|19:02:31] Successfully sealed new block            number=46 hash=61a97d…4c316e
INFO [05-31|19:02:31] 🔗 block reached canonical chain          number=41 hash=c05501…acee37
INFO [05-31|19:02:31] 🔨 mined potential block                  number=46 hash=61a97d…4c316e
INFO [05-31|19:02:31] Commit new mining work                   number=47 txs=0 uncles=0 elapsed=223.753µs
INFO [05-31|19:02:32] Successfully sealed new block            number=47 hash=629932…d85fa3
INFO [05-31|19:02:32] 🔗 block reached canonical chain          number=42 hash=920b4a…c8b214
INFO [05-31|19:02:32] 🔨 mined potential block                  number=47 hash=629932…d85fa3
INFO [05-31|19:02:32] Commit new mining work                   number=48 txs=0 uncles=0 elapsed=220.794µs
INFO [05-31|19:02:37] Successfully sealed new block            number=48 hash=2b68e5…f963af
INFO [05-31|19:02:37] Commit new mining work                   number=49 txs=0 uncles=0 elapsed=230.897µs
INFO [05-31|19:02:37] 🔗 block reached canonical chain          number=43 hash=0597de…f59baf
INFO [05-31|19:02:37] 🔨 mined potential block                  number=48 hash=2b68e5…f963af
INFO [05-31|19:02:41] Successfully sealed new block            number=49 hash=a3ec01…d2ddfa
INFO [05-31|19:02:41] 🔗 block reached canonical chain          number=44 hash=c80446…27a71b
INFO [05-31|19:02:41] 🔨 mined potential block                  number=49 hash=a3ec01…d2ddfa
INFO [05-31|19:02:41] Commit new mining work                   number=50 txs=0 uncles=0 elapsed=518.114µs
INFO [05-31|19:02:42] Successfully sealed new block            number=50 hash=888a05…26d3b1
INFO [05-31|19:02:42] 🔗 block reached canonical chain          number=45 hash=ef1904…eca876
INFO [05-31|19:02:42] 🔨 mined potential block                  number=50 hash=888a05…26d3b1
INFO [05-31|19:02:42] Commit new mining work                   number=51 txs=0 uncles=0 elapsed=458.368µs
INFO [05-31|19:02:43] Successfully sealed new block            number=51 hash=58ff7d…72a85e
INFO [05-31|19:02:43] 🔗 block reached canonical chain          number=46 hash=61a97d…4c316e
INFO [05-31|19:02:43] 🔨 mined potential block                  number=51 hash=58ff7d…72a85e
INFO [05-31|19:02:43] Commit new mining work                   number=52 txs=0 uncles=0 elapsed=265.975µs
INFO [05-31|19:08:04] IPC endpoint closed                      endpoint=/home/taggenblu/test-eth/peer2DataDir/geth.ipc
INFO [05-31|19:08:04] Writing cached state to disk             block=51 hash=58ff7d…72a85e root=6a5aae…1a723c
INFO [05-31|19:08:04] Persisted trie from memory database      nodes=3 size=383.00B time=184.349µs gcnodes=0 gcsize=0.00B gctime=0s livenodes=151 livesize=16.55kB
INFO [05-31|19:08:04] Writing cached state to disk             block=50 hash=888a05…26d3b1 root=7d68e2…a93faf
INFO [05-31|19:08:04] Persisted trie from memory database      nodes=3 size=331.00B time=141.578µs gcnodes=0 gcsize=0.00B gctime=0s livenodes=148 livesize=16.22kB
INFO [05-31|19:08:04] Blockchain manager stopped 
INFO [05-31|19:08:04] Stopping Ethereum protocol 
INFO [05-31|19:08:04] Ethereum protocol stopped 
INFO [05-31|19:08:04] Transaction pool stopped 
INFO [05-31|19:08:04] Database closed                          database=/home/taggenblu/test-eth/peer2DataDir/geth/chaindata
INFO [06-02|07:55:43] Maximum peer count                       ETH=25 LES=0 total=25
INFO [06-02|07:55:43] Starting peer-to-peer node               instance=Geth/v1.8.10-stable-eae63c51/linux-amd64/go1.10
INFO [06-02|07:55:43] Allocated cache and file handles         database=/home/taggenblu/test-eth/myDataDir/geth/chaindata cache=768 handles=512
INFO [06-02|07:55:44] Initialised chain configuration          config="{ChainID: 1994 Homestead: 0 DAO: <nil> DAOSupport: false EIP150: <nil> EIP155: 0 EIP158: 0 Byzantium: 0 Constantinople: <nil> Engine: unknown}"
INFO [06-02|07:55:44] Disk storage enabled for ethash caches   dir=/home/taggenblu/test-eth/myDataDir/geth/ethash count=3
INFO [06-02|07:55:44] Disk storage enabled for ethash DAGs     dir=/home/taggenblu/.ethash                        count=2
INFO [06-02|07:55:44] Initialising Ethereum protocol           versions="[63 62]" network=1114
INFO [06-02|07:55:44] Loaded most recent local header          number=257 hash=892a55…75b0af td=35260688
INFO [06-02|07:55:44] Loaded most recent local full block      number=257 hash=892a55…75b0af td=35260688
INFO [06-02|07:55:44] Loaded most recent local fast block      number=257 hash=892a55…75b0af td=35260688
INFO [06-02|07:55:44] Loaded local transaction journal         transactions=0 dropped=0
INFO [06-02|07:55:44] Regenerated local transaction journal    transactions=0 accounts=0
WARN [06-02|07:55:44] Blockchain not empty, fast sync disabled 
INFO [06-02|07:55:44] Starting P2P networking 
INFO [06-02|07:55:44] Mapped network port                      proto=udp extport=30303 intport=30303 interface=NAT-PMP(192.168.1.1)
INFO [06-02|07:55:44] UDP listener up                          self=enode://d2fba2a5e8c2de95e628894fba66865f81547595da6a0d102c6e01d4f2a13dbc486252826d9d579802740903bef4b56169179a5fc2165cc762a51b81c9369cd2@195.147.128.171:30303
INFO [06-02|07:55:44] IPC endpoint opened                      url=/home/taggenblu/test-eth/myDataDir/geth.ipc
INFO [06-02|07:55:44] RLPx listener up                         self=enode://d2fba2a5e8c2de95e628894fba66865f81547595da6a0d102c6e01d4f2a13dbc486252826d9d579802740903bef4b56169179a5fc2165cc762a51b81c9369cd2@195.147.128.171:30303
INFO [06-02|07:55:44] Mapped network port                      proto=tcp extport=30303 intport=30303 interface=NAT-PMP(192.168.1.1)
INFO [06-02|07:55:44] Etherbase automatically configured       address=0x49a344653D1791018B1e38714C53b76167e85553
INFO [06-02|08:06:16] Submitted transaction                    fullhash=0xdaff70a0cddbd230e22d1d7cd9d628742ca033f67f63a83662aab51899eaa0bd recipient=0x2d416f8aAEc76D3CeA301e2E1DF215b582121e9B
INFO [06-02|08:06:22] Updated mining threads                   threads=0
INFO [06-02|08:06:22] Transaction pool price threshold updated price=18000000000
INFO [06-02|08:06:22] Starting mining operation 
INFO [06-02|08:06:22] Commit new mining work                   number=258 txs=1 uncles=0 elapsed=1.081ms
INFO [06-02|08:07:41] Updated mining threads                   threads=0
INFO [06-02|08:07:41] Transaction pool price threshold updated price=18000000000
INFO [06-02|08:07:41] Starting mining operation 
INFO [06-02|08:07:41] Commit new mining work                   number=258 txs=1 uncles=0 elapsed=1.041ms
INFO [06-02|08:08:28] Submitted transaction                    fullhash=0x2607977ed7ed060497bbef140f84eb4051631f70af19a4f96368ee5890560d7b recipient=0x2d416f8aAEc76D3CeA301e2E1DF215b582121e9B
INFO [06-02|08:09:08] IPC endpoint closed                      endpoint=/home/taggenblu/test-eth/myDataDir/geth.ipc
INFO [06-02|08:09:08] Writing cached state to disk             block=257 hash=892a55…75b0af root=baf8f6…690d1b
INFO [06-02|08:09:08] Persisted trie from memory database      nodes=0 size=0.00B time=7.582µs gcnodes=0 gcsize=0.00B gctime=0s livenodes=1 livesize=0.00B
INFO [06-02|08:09:08] Writing cached state to disk             block=256 hash=35c977…2ac790 root=fb7b1d…a3b1fa
INFO [06-02|08:09:08] Persisted trie from memory database      nodes=0 size=0.00B time=4.511µs gcnodes=0 gcsize=0.00B gctime=0s livenodes=1 livesize=0.00B
INFO [06-02|08:09:08] Writing cached state to disk             block=130 hash=defcf8…12d9aa root=7a13b0…4cbfd8
INFO [06-02|08:09:08] Persisted trie from memory database      nodes=0 size=0.00B time=6.254µs gcnodes=0 gcsize=0.00B gctime=0s livenodes=1 livesize=0.00B
INFO [06-02|08:09:08] Blockchain manager stopped 
INFO [06-02|08:09:08] Stopping Ethereum protocol 
INFO [06-02|08:09:08] Ethereum protocol stopped 
INFO [06-02|08:09:08] Transaction pool stopped 
INFO [06-02|08:09:08] Database closed                          database=/home/taggenblu/test-eth/myDataDir/geth/chaindata
